#
# A fatal error has been detected by the Java Runtime Environment:
#
#  SIGSEGV (0xb) at pc=0x000000010bc32c30, pid=1103, tid=16899
#
# JRE version: Java(TM) SE Runtime Environment (8.0_51-b16) (build 1.8.0_51-b16)
# Java VM: Java HotSpot(TM) 64-Bit Server VM (25.51-b03 mixed mode bsd-amd64 compressed oops)
# Problematic frame:
# V  [libjvm.dylib+0x432c30]  Method::checked_resolve_jmethod_id(_jmethodID*)+0xe
#
# Failed to write core dump. Core dumps have been disabled. To enable core dumping, try "ulimit -c unlimited" before starting Java again
#
# If you would like to submit a bug report, please visit:
#   http://bugreport.java.com/bugreport/crash.jsp
#

---------------  T H R E A D  ---------------

Current thread (0x00007ff88d016800):  JavaThread "JDWP Transport Listener: dt_socket" daemon [_thread_in_vm, id=16899, stack(0x0000700007998000,0x0000700007a98000)]

siginfo: si_signo: 11 (SIGSEGV), si_code: 0 (unknown), si_addr: 0x0000000000000000

Registers:
RAX=0x0000000000000001, RBX=0x0000700007a97a8b, RCX=0x000000010bffa190, RDX=0x0000700007a97a8b
RSP=0x0000700007a979d0, RBP=0x0000700007a979e0, RSI=0x00007ff88d016800, RDI=0xc000000000000000
R8 =0x0000000000000002, R9 =0x0000000000000000, R10=0x0000000000000001, R11=0x0000000000000003
R12=0x00007ff88d016800, R13=0xc000000000000000, R14=0xc000000000000000, R15=0x00007ff88cd03960
RIP=0x000000010bc32c30, EFLAGS=0x0000000000010286, ERR=0x0000000000000000
  TRAPNO=0x000000000000000d

Top of Stack: (sp=0x0000700007a979d0)
0x0000700007a979d0:   0000700007a97a8b 0000700007a97a8b
0x0000700007a979e0:   0000700007a97a40 000000010bb42f8e
0x0000700007a979f0:   00007ff88d016800 0000000000000000
0x0000700007a97a00:   0000000000000000 0000000000000000
0x0000700007a97a10:   00007ff88d016800 00007ff88d016800
0x0000700007a97a20:   0000700007a97a8b 0000700007a97a90
0x0000700007a97a30:   c000000000000000 0000000000000004
0x0000700007a97a40:   0000700007a97a60 000000010af6d780
0x0000700007a97a50:   0000000000000001 0000700007a97b08
0x0000700007a97a60:   0000700007a97ad0 000000010af521f3
0x0000700007a97a70:   0000700007a97aa0 00007ff88cf60c60
0x0000700007a97a80:   0000000500000032 0000000a00a97b08
0x0000700007a97a90:   0000000000000000 0000000000000000
0x0000700007a97aa0:   0000000000000000 0000700007a97c90
0x0000700007a97ab0:   000000010af74e7a 00007ff88ce106f0
0x0000700007a97ac0:   0000700007a97b08 000000010af80598
0x0000700007a97ad0:   0000700007a97ae0 000000010af522ec
0x0000700007a97ae0:   0000700007a97d00 000000010af5b898
0x0000700007a97af0:   0000e89f00000013 00000000000f0200
0x0000700007a97b00:   00007ff88ce17f90 00007ff88cf60d67
0x0000700007a97b10:   00007ff800000231 00007ff88cf5ec30
0x0000700007a97b20:   00007ff80000012c 0000700007a97b58
0x0000700007a97b30:   00007ff88cf5ec30 0000000000000000
0x0000700007a97b40:   0000e89f00000030 00007ff80000a580
0x0000700007a97b50:   0000700007a97b58 f87f000005000000
0x0000700007a97b60:   0a000000a85fd28c 446c6d7448746567
0x0000700007a97b70:   29281c000000636f 6f736a2f67726f4c
0x0000700007a97b80:   7365646f6e2f7075 6e656d75636f442f
0x0000700007a97b90:   0000000000003b74 d28cf87f00000c00
0x0000700007a97ba0:   616d04000000985f 5b28160000006e69
0x0000700007a97bb0:   616c2f6176616a4c 6e697274532f676e
0x0000700007a97bc0:   0000000056293b67 f87f000009000000 

Instructions: (pc=0x000000010bc32c30)
0x000000010bc32c10:   40 48 48 85 c0 75 e0 30 c0 0f b6 c0 5d c3 31 c0
0x000000010bc32c20:   5d c3 55 48 89 e5 53 48 83 ec 08 48 85 ff 74 24
0x000000010bc32c30:   48 8b 1f 48 85 db 74 1c 48 83 fb 37 74 16 48 8b
0x000000010bc32c40:   03 48 89 df ff 50 10 84 c0 b8 00 00 00 00 48 0f 

Register to memory mapping:

RAX=0x0000000000000001 is an unknown value
RBX=0x0000700007a97a8b is pointing into the stack for thread: 0x00007ff88d016800
RCX=0x000000010bffa190: UseMembar+0 in /Library/Java/JavaVirtualMachines/jdk1.8.0_51.jdk/Contents/Home/jre/lib/server/libjvm.dylib at 0x000000010b800000
RDX=0x0000700007a97a8b is pointing into the stack for thread: 0x00007ff88d016800
RSP=0x0000700007a979d0 is pointing into the stack for thread: 0x00007ff88d016800
RBP=0x0000700007a979e0 is pointing into the stack for thread: 0x00007ff88d016800
RSI=0x00007ff88d016800 is a thread
RDI=0xc000000000000000 is an unknown value
R8 =0x0000000000000002 is an unknown value
R9 =0x0000000000000000 is an unknown value
R10=0x0000000000000001 is an unknown value
R11=0x0000000000000003 is an unknown value
R12=0x00007ff88d016800 is a thread
R13=0xc000000000000000 is an unknown value
R14=0xc000000000000000 is an unknown value
R15=0x00007ff88cd03960 is an unknown value


Stack: [0x0000700007998000,0x0000700007a98000],  sp=0x0000700007a979d0,  free space=1022k
Native frames: (J=compiled Java code, j=interpreted, Vv=VM code, C=native code)
V  [libjvm.dylib+0x432c30]  Method::checked_resolve_jmethod_id(_jmethodID*)+0xe
V  [libjvm.dylib+0x342f8e]  jvmti_IsMethodSynthetic+0xb2
C  [libjdwp.dylib+0x20780]  isMethodSynthetic+0x63
C  [libjdwp.dylib+0x51f3]  methods1+0x10b
C  [libjdwp.dylib+0x52ec]  methodsWithGeneric+0xe
C  [libjdwp.dylib+0xe898]  debugLoop_run+0x1ce
C  [libjdwp.dylib+0x1f6ba]  attachThread+0x4d
V  [libjvm.dylib+0x383f3c]  JvmtiAgentThread::call_start_function()+0x38
V  [libjvm.dylib+0x549a6f]  JavaThread::thread_main_inner()+0x9b
V  [libjvm.dylib+0x54b160]  JavaThread::run()+0x1c2
V  [libjvm.dylib+0x46e99e]  java_start(Thread*)+0xf6
C  [libsystem_pthread.dylib+0x3abb]  _pthread_body+0xb4
C  [libsystem_pthread.dylib+0x3a07]  _pthread_body+0x0
C  [libsystem_pthread.dylib+0x3231]  thread_start+0xd
C  0x0000000000000000


---------------  P R O C E S S  ---------------

Java Threads: ( => current thread )
  0x00007ff88d027000 JavaThread "Service Thread" daemon [_thread_blocked, id=19971, stack(0x0000700007faa000,0x00007000080aa000)]
  0x00007ff88e86b000 JavaThread "C1 CompilerThread2" daemon [_thread_blocked, id=19459, stack(0x0000700007ea7000,0x0000700007fa7000)]
  0x00007ff88e02d000 JavaThread "C2 CompilerThread1" daemon [_thread_blocked, id=18947, stack(0x0000700007da4000,0x0000700007ea4000)]
  0x00007ff88e81d000 JavaThread "C2 CompilerThread0" daemon [_thread_blocked, id=18435, stack(0x0000700007ca1000,0x0000700007da1000)]
  0x00007ff88d026000 JavaThread "JDWP Command Reader" daemon [_thread_in_native, id=17923, stack(0x0000700007b9e000,0x0000700007c9e000)]
  0x00007ff88e827800 JavaThread "JDWP Event Helper Thread" daemon [_thread_blocked, id=17411, stack(0x0000700007a9b000,0x0000700007b9b000)]
=>0x00007ff88d016800 JavaThread "JDWP Transport Listener: dt_socket" daemon [_thread_in_vm, id=16899, stack(0x0000700007998000,0x0000700007a98000)]
  0x00007ff88d839800 JavaThread "Signal Dispatcher" daemon [_thread_blocked, id=16387, stack(0x0000700007895000,0x0000700007995000)]
  0x00007ff88d00b000 JavaThread "Finalizer" daemon [_thread_blocked, id=12547, stack(0x0000700007792000,0x0000700007892000)]
  0x00007ff88e80e000 JavaThread "Reference Handler" daemon [_thread_blocked, id=12035, stack(0x000070000768f000,0x000070000778f000)]
  0x00007ff88d809000 JavaThread "main" [_thread_blocked, id=7171, stack(0x000070000707d000,0x000070000717d000)]

Other Threads:
  0x00007ff88e80d800 VMThread [stack: 0x000070000758c000,0x000070000768c000] [id=11523]
  0x00007ff88e009800 WatcherThread [stack: 0x00007000080ad000,0x00007000081ad000] [id=20483]

VM state:not at safepoint (normal execution)

VM Mutex/Monitor currently owned by a thread: None

Heap:
 PSYoungGen      total 38400K, used 28177K [0x0000000795580000, 0x0000000798000000, 0x00000007c0000000)
  eden space 33280K, 84% used [0x0000000795580000,0x0000000797104648,0x0000000797600000)
  from space 5120K, 0% used [0x0000000797b00000,0x0000000797b00000,0x0000000798000000)
  to   space 5120K, 0% used [0x0000000797600000,0x0000000797600000,0x0000000797b00000)
 ParOldGen       total 87552K, used 0K [0x0000000740000000, 0x0000000745580000, 0x0000000795580000)
  object space 87552K, 0% used [0x0000000740000000,0x0000000740000000,0x0000000745580000)
 Metaspace       used 8899K, capacity 9156K, committed 9344K, reserved 1056768K
  class space    used 1033K, capacity 1123K, committed 1152K, reserved 1048576K

Card table byte_map: [0x000000011bef6000,0x000000011c2f7000] byte_map_base: 0x00000001184f6000

Marking Bits: (ParMarkBitMap*) 0x000000010c0c27a0
 Begin Bits: [0x000000011c2f7000, 0x000000011e2f7000)
 End Bits:   [0x000000011e2f7000, 0x00000001202f7000)

Polling page: 0x000000010af4c000

CodeCache: size=245760Kb used=4307Kb max_used=4326Kb free=241452Kb
 bounds [0x000000010cb36000, 0x000000010cf86000, 0x000000011bb36000]
 total_blobs=1366 nmethods=1067 adapters=221
 compilation: enabled

Compilation events (10 events):
Event: 2.290 Thread 0x00007ff88e02d000 nmethod 1063 0x000000010cf5fd90 code [0x000000010cf5fee0, 0x000000010cf5ff58]
Event: 2.290 Thread 0x00007ff88e02d000 1065       4       org.jsoup.nodes.Node$OuterHtmlVisitor::head (14 bytes)
Event: 2.291 Thread 0x00007ff88e02d000 nmethod 1065 0x000000010cf5fad0 code [0x000000010cf5fc20, 0x000000010cf5fcb8]
Event: 2.291 Thread 0x00007ff88e02d000 1064       4       java.lang.String::equalsIgnoreCase (48 bytes)
Event: 2.314 Thread 0x00007ff88e02d000 nmethod 1064 0x000000010cf65dd0 code [0x000000010cf65f80, 0x000000010cf66a38]
Event: 2.314 Thread 0x00007ff88e02d000 1066       4       org.jsoup.nodes.Node$OuterHtmlVisitor::tail (26 bytes)
Event: 2.542 Thread 0x00007ff88e02d000 nmethod 1066 0x000000010cf6eb50 code [0x000000010cf6ee00, 0x000000010cf70e18]
Event: 2.544 Thread 0x00007ff88e81d000 nmethod 1052 0x000000010cf72ed0 code [0x000000010cf73260, 0x000000010cf75b28]
Event: 14.163 Thread 0x00007ff88e86b000 1067       3       org.jsoup.nodes.Node::ownerDocument (29 bytes)
Event: 14.165 Thread 0x00007ff88e86b000 nmethod 1067 0x000000010cf60c90 code [0x000000010cf60e40, 0x000000010cf61628]

GC Heap History (0 events):
No events

Deoptimization events (7 events):
Event: 0.218 Thread 0x00007ff88d809000 Uncommon trap: reason=unstable_if action=reinterpret pc=0x000000010cc570cc method=java.lang.String.hashCode()I @ 14
Event: 0.494 Thread 0x00007ff88d809000 Uncommon trap: reason=unstable_if action=reinterpret pc=0x000000010cc749dc method=java.lang.String.indexOf(II)I @ 49
Event: 1.008 Thread 0x00007ff88d809000 Uncommon trap: reason=unstable_if action=reinterpret pc=0x000000010ccf3dd0 method=java.lang.CharacterDataLatin1.digit(II)I @ 82
Event: 1.435 Thread 0x00007ff88d809000 Uncommon trap: reason=unstable_if action=reinterpret pc=0x000000010ccec1b4 method=java.lang.CharacterDataLatin1.digit(II)I @ 82
Event: 1.484 Thread 0x00007ff88d809000 Uncommon trap: reason=unstable_if action=reinterpret pc=0x000000010cd6dc90 method=java.io.ByteArrayInputStream.read()I @ 8
Event: 2.064 Thread 0x00007ff88d809000 Uncommon trap: reason=unstable_if action=reinterpret pc=0x000000010cf0ec64 method=org.jsoup.helper.StringUtil.isWhitespace(I)Z @ 27
Event: 2.242 Thread 0x00007ff88d809000 Uncommon trap: reason=unstable_if action=reinterpret pc=0x000000010ccbbe20 method=java.lang.CharacterData.of(I)Ljava/lang/CharacterData; @ 4

Internal exceptions (8 events):
Event: 0.058 Thread 0x00007ff88d809000 Exception <a 'java/lang/NoSuchMethodError': Method sun.misc.Unsafe.defineClass(Ljava/lang/String;[BII)Ljava/lang/Class; name or signature does not match> (0x0000000795592c78) thrown at [/Users/java_re/workspace/8-2-build-macosx-x86_64/jdk8u51/3951/hotspot
Event: 0.058 Thread 0x00007ff88d809000 Exception <a 'java/lang/NoSuchMethodError': Method sun.misc.Unsafe.prefetchRead(Ljava/lang/Object;J)V name or signature does not match> (0x0000000795592f08) thrown at [/Users/java_re/workspace/8-2-build-macosx-x86_64/jdk8u51/3951/hotspot/src/share/vm/prim
Event: 0.400 Thread 0x00007ff88d809000 Exception <a 'java/security/PrivilegedActionException'> (0x0000000795969768) thrown at [/Users/java_re/workspace/8-2-build-macosx-x86_64/jdk8u51/3951/hotspot/src/share/vm/prims/jvm.cpp, line 1382]
Event: 0.400 Thread 0x00007ff88d809000 Exception <a 'java/security/PrivilegedActionException'> (0x0000000795969920) thrown at [/Users/java_re/workspace/8-2-build-macosx-x86_64/jdk8u51/3951/hotspot/src/share/vm/prims/jvm.cpp, line 1382]
Event: 0.403 Thread 0x00007ff88d809000 Exception <a 'java/security/PrivilegedActionException'> (0x000000079596cb10) thrown at [/Users/java_re/workspace/8-2-build-macosx-x86_64/jdk8u51/3951/hotspot/src/share/vm/prims/jvm.cpp, line 1382]
Event: 0.403 Thread 0x00007ff88d809000 Exception <a 'java/security/PrivilegedActionException'> (0x000000079596ccc8) thrown at [/Users/java_re/workspace/8-2-build-macosx-x86_64/jdk8u51/3951/hotspot/src/share/vm/prims/jvm.cpp, line 1382]
Event: 0.974 Thread 0x00007ff88d809000 Exception <a 'java/lang/NoSuchFieldError': method resolution failed> (0x0000000795d15e80) thrown at [/Users/java_re/workspace/8-2-build-macosx-x86_64/jdk8u51/3951/hotspot/src/share/vm/prims/methodHandles.cpp, line 1125]
Event: 0.977 Thread 0x00007ff88d809000 Exception <a 'java/lang/NoSuchFieldError': method resolution failed> (0x0000000795d247e0) thrown at [/Users/java_re/workspace/8-2-build-macosx-x86_64/jdk8u51/3951/hotspot/src/share/vm/prims/methodHandles.cpp, line 1125]

Events (10 events):
Event: 963.160 Executing VM operation: ChangeBreakpoints
Event: 963.160 Executing VM operation: ChangeBreakpoints done
Event: 1197.198 Executing VM operation: ChangeBreakpoints
Event: 1197.198 Executing VM operation: ChangeBreakpoints done
Event: 1198.879 Executing VM operation: ChangeBreakpoints
Event: 1198.880 Executing VM operation: ChangeBreakpoints done
Event: 1672.610 Executing VM operation: RedefineClasses
Event: 1672.632 Executing VM operation: RedefineClasses done
Event: 1735.564 Executing VM operation: RedefineClasses
Event: 1735.581 Executing VM operation: RedefineClasses done


Dynamic libraries:
0x0000000055cf7000 	/System/Library/Frameworks/Cocoa.framework/Versions/A/Cocoa
0x0000000055cf7000 	/System/Library/Frameworks/Security.framework/Versions/A/Security
0x0000000055cf7000 	/System/Library/Frameworks/ApplicationServices.framework/Versions/A/ApplicationServices
0x0000000055cf7000 	/usr/lib/libz.1.dylib
0x0000000055cf7000 	/usr/lib/libSystem.B.dylib
0x0000000055cf7000 	/usr/lib/libobjc.A.dylib
0x0000000055cf7000 	/System/Library/Frameworks/CoreFoundation.framework/Versions/A/CoreFoundation
0x0000000055cf7000 	/System/Library/Frameworks/Foundation.framework/Versions/C/Foundation
0x0000000055cf7000 	/System/Library/Frameworks/AppKit.framework/Versions/C/AppKit
0x0000000055cf7000 	/System/Library/Frameworks/CoreData.framework/Versions/A/CoreData
0x0000000055cf7000 	/System/Library/PrivateFrameworks/RemoteViewServices.framework/Versions/A/RemoteViewServices
0x0000000055cf7000 	/System/Library/PrivateFrameworks/UIFoundation.framework/Versions/A/UIFoundation
0x0000000055cf7000 	/usr/lib/libenergytrace.dylib
0x0000000055cf7000 	/System/Library/PrivateFrameworks/SkyLight.framework/Versions/A/SkyLight
0x0000000055cf7000 	/System/Library/Frameworks/CoreGraphics.framework/Versions/A/CoreGraphics
0x0000000055cf7000 	/usr/lib/libScreenReader.dylib
0x0000000055cf7000 	/System/Library/Frameworks/Accelerate.framework/Versions/A/Accelerate
0x0000000055cf7000 	/System/Library/Frameworks/IOSurface.framework/Versions/A/IOSurface
0x0000000055cf7000 	/System/Library/Frameworks/AudioToolbox.framework/Versions/A/AudioToolbox
0x0000000055cf7000 	/System/Library/Frameworks/AudioUnit.framework/Versions/A/AudioUnit
0x0000000055cf7000 	/System/Library/PrivateFrameworks/DataDetectorsCore.framework/Versions/A/DataDetectorsCore
0x0000000055cf7000 	/System/Library/PrivateFrameworks/DesktopServicesPriv.framework/Versions/A/DesktopServicesPriv
0x0000000055cf7000 	/System/Library/Frameworks/Carbon.framework/Versions/A/Frameworks/HIToolbox.framework/Versions/A/HIToolbox
0x0000000055cf7000 	/usr/lib/libicucore.A.dylib
0x0000000055cf7000 	/System/Library/Frameworks/QuartzCore.framework/Versions/A/QuartzCore
0x0000000055cf7000 	/System/Library/Frameworks/Carbon.framework/Versions/A/Frameworks/SpeechRecognition.framework/Versions/A/SpeechRecognition
0x0000000055cf7000 	/usr/lib/libauto.dylib
0x0000000055cf7000 	/usr/lib/libxml2.2.dylib
0x0000000055cf7000 	/System/Library/PrivateFrameworks/CoreUI.framework/Versions/A/CoreUI
0x0000000055cf7000 	/System/Library/Frameworks/CoreAudio.framework/Versions/A/CoreAudio
0x0000000055cf7000 	/System/Library/Frameworks/DiskArbitration.framework/Versions/A/DiskArbitration
0x0000000055cf7000 	/usr/lib/liblangid.dylib
0x0000000055cf7000 	/System/Library/PrivateFrameworks/MultitouchSupport.framework/Versions/A/MultitouchSupport
0x0000000055cf7000 	/System/Library/Frameworks/IOKit.framework/Versions/A/IOKit
0x0000000055cf7000 	/usr/lib/libDiagnosticMessagesClient.dylib
0x0000000055cf7000 	/System/Library/Frameworks/CoreServices.framework/Versions/A/CoreServices
0x0000000055cf7000 	/System/Library/PrivateFrameworks/PerformanceAnalysis.framework/Versions/A/PerformanceAnalysis
0x0000000055cf7000 	/System/Library/PrivateFrameworks/GenerationalStorage.framework/Versions/A/GenerationalStorage
0x0000000055cf7000 	/System/Library/Frameworks/OpenGL.framework/Versions/A/OpenGL
0x0000000055cf7000 	/System/Library/Frameworks/CoreImage.framework/Versions/A/CoreImage
0x0000000055cf7000 	/System/Library/Frameworks/CoreText.framework/Versions/A/CoreText
0x0000000055cf7000 	/System/Library/Frameworks/ImageIO.framework/Versions/A/ImageIO
0x0000000055cf7000 	/System/Library/PrivateFrameworks/Backup.framework/Versions/A/Backup
0x0000000055cf7000 	/usr/lib/libarchive.2.dylib
0x0000000055cf7000 	/System/Library/Frameworks/CFNetwork.framework/Versions/A/CFNetwork
0x0000000055cf7000 	/System/Library/Frameworks/SystemConfiguration.framework/Versions/A/SystemConfiguration
0x0000000055cf7000 	/usr/lib/libCRFSuite.dylib
0x0000000055cf7000 	/usr/lib/libc++.1.dylib
0x0000000055cf7000 	/usr/lib/libc++abi.dylib
0x0000000055cf7000 	/usr/lib/system/libcache.dylib
0x0000000055cf7000 	/usr/lib/system/libcommonCrypto.dylib
0x0000000055cf7000 	/usr/lib/system/libcompiler_rt.dylib
0x0000000055cf7000 	/usr/lib/system/libcopyfile.dylib
0x0000000055cf7000 	/usr/lib/system/libcorecrypto.dylib
0x0000000055cf7000 	/usr/lib/system/libdispatch.dylib
0x0000000055cf7000 	/usr/lib/system/libdyld.dylib
0x0000000055cf7000 	/usr/lib/system/libkeymgr.dylib
0x0000000055cf7000 	/usr/lib/system/liblaunch.dylib
0x0000000055cf7000 	/usr/lib/system/libmacho.dylib
0x0000000055cf7000 	/usr/lib/system/libquarantine.dylib
0x0000000055cf7000 	/usr/lib/system/libremovefile.dylib
0x0000000055cf7000 	/usr/lib/system/libsystem_asl.dylib
0x0000000055cf7000 	/usr/lib/system/libsystem_blocks.dylib
0x0000000055cf7000 	/usr/lib/system/libsystem_c.dylib
0x0000000055cf7000 	/usr/lib/system/libsystem_configuration.dylib
0x0000000055cf7000 	/usr/lib/system/libsystem_coreservices.dylib
0x0000000055cf7000 	/usr/lib/system/libsystem_coretls.dylib
0x0000000055cf7000 	/usr/lib/system/libsystem_dnssd.dylib
0x0000000055cf7000 	/usr/lib/system/libsystem_info.dylib
0x0000000055cf7000 	/usr/lib/system/libsystem_kernel.dylib
0x0000000055cf7000 	/usr/lib/system/libsystem_m.dylib
0x0000000055cf7000 	/usr/lib/system/libsystem_malloc.dylib
0x0000000055cf7000 	/usr/lib/system/libsystem_network.dylib
0x0000000055cf7000 	/usr/lib/system/libsystem_networkextension.dylib
0x0000000055cf7000 	/usr/lib/system/libsystem_notify.dylib
0x0000000055cf7000 	/usr/lib/system/libsystem_platform.dylib
0x0000000055cf7000 	/usr/lib/system/libsystem_pthread.dylib
0x0000000055cf7000 	/usr/lib/system/libsystem_sandbox.dylib
0x0000000055cf7000 	/usr/lib/system/libsystem_secinit.dylib
0x0000000055cf7000 	/usr/lib/system/libsystem_symptoms.dylib
0x0000000055cf7000 	/usr/lib/system/libsystem_trace.dylib
0x0000000055cf7000 	/usr/lib/system/libunwind.dylib
0x0000000055cf7000 	/usr/lib/system/libxpc.dylib
0x0000000055cf7000 	/usr/lib/libbsm.0.dylib
0x0000000055cf7000 	/usr/lib/system/libkxld.dylib
0x0000000055cf7000 	/usr/lib/libcoretls.dylib
0x0000000055cf7000 	/usr/lib/libcoretls_cfhelpers.dylib
0x0000000055cf7000 	/usr/lib/libxar.1.dylib
0x0000000055cf7000 	/usr/lib/libsqlite3.dylib
0x0000000055cf7000 	/usr/lib/libpam.2.dylib
0x0000000055cf7000 	/usr/lib/libOpenScriptingUtil.dylib
0x0000000055cf7000 	/usr/lib/libbz2.1.0.dylib
0x0000000055cf7000 	/usr/lib/liblzma.5.dylib
0x0000000055cf7000 	/usr/lib/libnetwork.dylib
0x0000000055cf7000 	/usr/lib/libpcap.A.dylib
0x0000000055cf7000 	/System/Library/Frameworks/CoreServices.framework/Versions/A/Frameworks/FSEvents.framework/Versions/A/FSEvents
0x0000000055cf7000 	/System/Library/Frameworks/CoreServices.framework/Versions/A/Frameworks/CarbonCore.framework/Versions/A/CarbonCore
0x0000000055cf7000 	/System/Library/Frameworks/CoreServices.framework/Versions/A/Frameworks/Metadata.framework/Versions/A/Metadata
0x0000000055cf7000 	/System/Library/Frameworks/CoreServices.framework/Versions/A/Frameworks/OSServices.framework/Versions/A/OSServices
0x0000000055cf7000 	/System/Library/Frameworks/CoreServices.framework/Versions/A/Frameworks/SearchKit.framework/Versions/A/SearchKit
0x0000000055cf7000 	/System/Library/Frameworks/CoreServices.framework/Versions/A/Frameworks/AE.framework/Versions/A/AE
0x0000000055cf7000 	/System/Library/Frameworks/CoreServices.framework/Versions/A/Frameworks/LaunchServices.framework/Versions/A/LaunchServices
0x0000000055cf7000 	/System/Library/Frameworks/CoreServices.framework/Versions/A/Frameworks/DictionaryServices.framework/Versions/A/DictionaryServices
0x0000000055cf7000 	/System/Library/Frameworks/CoreServices.framework/Versions/A/Frameworks/SharedFileList.framework/Versions/A/SharedFileList
0x0000000055cf7000 	/System/Library/Frameworks/NetFS.framework/Versions/A/NetFS
0x0000000055cf7000 	/System/Library/PrivateFrameworks/NetAuth.framework/Versions/A/NetAuth
0x0000000055cf7000 	/System/Library/PrivateFrameworks/login.framework/Versions/A/Frameworks/loginsupport.framework/Versions/A/loginsupport
0x0000000055cf7000 	/System/Library/PrivateFrameworks/TCC.framework/Versions/A/TCC
0x0000000055cf7000 	/usr/lib/libmecabra.dylib
0x0000000055cf7000 	/System/Library/Frameworks/ApplicationServices.framework/Versions/A/Frameworks/ATS.framework/Versions/A/ATS
0x0000000055cf7000 	/System/Library/Frameworks/ApplicationServices.framework/Versions/A/Frameworks/ColorSync.framework/Versions/A/ColorSync
0x0000000055cf7000 	/System/Library/Frameworks/ApplicationServices.framework/Versions/A/Frameworks/HIServices.framework/Versions/A/HIServices
0x0000000055cf7000 	/System/Library/Frameworks/ApplicationServices.framework/Versions/A/Frameworks/LangAnalysis.framework/Versions/A/LangAnalysis
0x0000000055cf7000 	/System/Library/Frameworks/ApplicationServices.framework/Versions/A/Frameworks/PrintCore.framework/Versions/A/PrintCore
0x0000000055cf7000 	/System/Library/Frameworks/ApplicationServices.framework/Versions/A/Frameworks/QD.framework/Versions/A/QD
0x0000000055cf7000 	/System/Library/Frameworks/ApplicationServices.framework/Versions/A/Frameworks/SpeechSynthesis.framework/Versions/A/SpeechSynthesis
0x0000000055cf7000 	/System/Library/Frameworks/Accelerate.framework/Versions/A/Frameworks/vImage.framework/Versions/A/vImage
0x0000000055cf7000 	/System/Library/Frameworks/Accelerate.framework/Versions/A/Frameworks/vecLib.framework/Versions/A/vecLib
0x0000000055cf7000 	/System/Library/Frameworks/Accelerate.framework/Versions/A/Frameworks/vecLib.framework/Versions/A/libvDSP.dylib
0x0000000055cf7000 	/System/Library/Frameworks/Accelerate.framework/Versions/A/Frameworks/vecLib.framework/Versions/A/libBNNS.dylib
0x0000000055cf7000 	/System/Library/Frameworks/Accelerate.framework/Versions/A/Frameworks/vecLib.framework/Versions/A/libQuadrature.dylib
0x0000000055cf7000 	/System/Library/Frameworks/Accelerate.framework/Versions/A/Frameworks/vecLib.framework/Versions/A/libvMisc.dylib
0x0000000055cf7000 	/System/Library/Frameworks/Accelerate.framework/Versions/A/Frameworks/vecLib.framework/Versions/A/libLAPACK.dylib
0x0000000055cf7000 	/System/Library/Frameworks/Accelerate.framework/Versions/A/Frameworks/vecLib.framework/Versions/A/libBLAS.dylib
0x0000000055cf7000 	/System/Library/Frameworks/Accelerate.framework/Versions/A/Frameworks/vecLib.framework/Versions/A/libLinearAlgebra.dylib
0x0000000055cf7000 	/System/Library/Frameworks/Accelerate.framework/Versions/A/Frameworks/vecLib.framework/Versions/A/libSparseBLAS.dylib
0x0000000055cf7000 	/System/Library/Frameworks/ApplicationServices.framework/Versions/A/Frameworks/ATS.framework/Versions/A/Resources/libFontParser.dylib
0x0000000055cf7000 	/System/Library/Frameworks/ApplicationServices.framework/Versions/A/Frameworks/ATS.framework/Versions/A/Resources/libFontRegistry.dylib
0x0000000055cf7000 	/System/Library/Frameworks/ImageIO.framework/Versions/A/Resources/libJPEG.dylib
0x0000000055cf7000 	/System/Library/Frameworks/ImageIO.framework/Versions/A/Resources/libTIFF.dylib
0x0000000055cf7000 	/System/Library/Frameworks/ImageIO.framework/Versions/A/Resources/libPng.dylib
0x0000000055cf7000 	/System/Library/Frameworks/ImageIO.framework/Versions/A/Resources/libGIF.dylib
0x0000000055cf7000 	/System/Library/Frameworks/ImageIO.framework/Versions/A/Resources/libJP2.dylib
0x0000000055cf7000 	/System/Library/Frameworks/ImageIO.framework/Versions/A/Resources/libRadiance.dylib
0x0000000055cf7000 	/usr/lib/libcompression.dylib
0x0000000055cf7000 	/System/Library/PrivateFrameworks/AppleJPEG.framework/Versions/A/AppleJPEG
0x0000000055cf7000 	/usr/lib/libcups.2.dylib
0x0000000055cf7000 	/System/Library/Frameworks/Kerberos.framework/Versions/A/Kerberos
0x0000000055cf7000 	/System/Library/Frameworks/GSS.framework/Versions/A/GSS
0x0000000055cf7000 	/usr/lib/libresolv.9.dylib
0x0000000055cf7000 	/usr/lib/libiconv.2.dylib
0x0000000055cf7000 	/System/Library/PrivateFrameworks/Heimdal.framework/Versions/A/Heimdal
0x0000000055cf7000 	/usr/lib/libheimdal-asn1.dylib
0x0000000055cf7000 	/System/Library/Frameworks/OpenDirectory.framework/Versions/A/OpenDirectory
0x0000000055cf7000 	/System/Library/PrivateFrameworks/CommonAuth.framework/Versions/A/CommonAuth
0x0000000055cf7000 	/System/Library/Frameworks/OpenDirectory.framework/Versions/A/Frameworks/CFOpenDirectory.framework/Versions/A/CFOpenDirectory
0x0000000055cf7000 	/System/Library/Frameworks/SecurityFoundation.framework/Versions/A/SecurityFoundation
0x0000000055cf7000 	/System/Library/PrivateFrameworks/LanguageModeling.framework/Versions/A/LanguageModeling
0x0000000055cf7000 	/usr/lib/libmarisa.dylib
0x0000000055cf7000 	/usr/lib/libChineseTokenizer.dylib
0x0000000055cf7000 	/usr/lib/libcmph.dylib
0x0000000055cf7000 	/System/Library/PrivateFrameworks/CoreEmoji.framework/Versions/A/CoreEmoji
0x0000000055cf7000 	/System/Library/Frameworks/ServiceManagement.framework/Versions/A/ServiceManagement
0x0000000055cf7000 	/usr/lib/libxslt.1.dylib
0x0000000055cf7000 	/System/Library/Frameworks/Carbon.framework/Versions/A/Frameworks/Ink.framework/Versions/A/Ink
0x0000000055cf7000 	/System/Library/PrivateFrameworks/TextureIO.framework/Versions/A/TextureIO
0x0000000055cf7000 	/System/Library/Frameworks/Metal.framework/Versions/A/Metal
0x0000000055cf7000 	/usr/lib/libate.dylib
0x0000000055cf7000 	/System/Library/PrivateFrameworks/GPUCompiler.framework/libmetal_timestamp.dylib
0x0000000055cf7000 	/System/Library/Frameworks/OpenGL.framework/Versions/A/Libraries/libCoreFSCache.dylib
0x0000000055cf7000 	/System/Library/PrivateFrameworks/IOAccelerator.framework/Versions/A/IOAccelerator
0x0000000055cf7000 	/System/Library/Frameworks/CoreVideo.framework/Versions/A/CoreVideo
0x0000000055cf7000 	/usr/lib/libFosl_dynamic.dylib
0x0000000055cf7000 	/System/Library/PrivateFrameworks/MetalPerformanceShaders.framework/Versions/A/MetalPerformanceShaders
0x0000000055cf7000 	/System/Library/PrivateFrameworks/FaceCore.framework/Versions/A/FaceCore
0x0000000055cf7000 	/System/Library/Frameworks/OpenCL.framework/Versions/A/OpenCL
0x0000000055cf7000 	/System/Library/Frameworks/OpenGL.framework/Versions/A/Libraries/libGLU.dylib
0x0000000055cf7000 	/System/Library/Frameworks/OpenGL.framework/Versions/A/Libraries/libGFXShared.dylib
0x0000000055cf7000 	/System/Library/Frameworks/OpenGL.framework/Versions/A/Libraries/libGL.dylib
0x0000000055cf7000 	/System/Library/Frameworks/OpenGL.framework/Versions/A/Libraries/libGLImage.dylib
0x0000000055cf7000 	/System/Library/Frameworks/OpenGL.framework/Versions/A/Libraries/libCVMSPluginSupport.dylib
0x0000000055cf7000 	/System/Library/Frameworks/OpenGL.framework/Versions/A/Libraries/libCoreVMClient.dylib
0x0000000055cf7000 	/System/Library/PrivateFrameworks/CrashReporterSupport.framework/Versions/A/CrashReporterSupport
0x0000000055cf7000 	/System/Library/PrivateFrameworks/Sharing.framework/Versions/A/Sharing
0x0000000055cf7000 	/System/Library/PrivateFrameworks/IconServices.framework/Versions/A/IconServices
0x0000000055cf7000 	/System/Library/PrivateFrameworks/ProtocolBuffer.framework/Versions/A/ProtocolBuffer
0x0000000055cf7000 	/System/Library/PrivateFrameworks/Apple80211.framework/Versions/A/Apple80211
0x0000000055cf7000 	/System/Library/Frameworks/CoreWLAN.framework/Versions/A/CoreWLAN
0x0000000055cf7000 	/System/Library/PrivateFrameworks/CoreUtils.framework/Versions/A/CoreUtils
0x0000000055cf7000 	/System/Library/Frameworks/IOBluetooth.framework/Versions/A/IOBluetooth
0x0000000055cf7000 	/System/Library/PrivateFrameworks/CoreWiFi.framework/Versions/A/CoreWiFi
0x0000000055cf7000 	/System/Library/Frameworks/CoreBluetooth.framework/Versions/A/CoreBluetooth
0x0000000055cf7000 	/System/Library/Frameworks/CoreDisplay.framework/Versions/A/CoreDisplay
0x0000000055cf7000 	/System/Library/PrivateFrameworks/IOPresentment.framework/Versions/A/IOPresentment
0x0000000055cf7000 	/System/Library/PrivateFrameworks/DebugSymbols.framework/Versions/A/DebugSymbols
0x0000000055cf7000 	/System/Library/PrivateFrameworks/CoreSymbolication.framework/Versions/A/CoreSymbolication
0x0000000055cf7000 	/System/Library/PrivateFrameworks/Symbolication.framework/Versions/A/Symbolication
0x0000000055cf7000 	/System/Library/PrivateFrameworks/AppleFSCompression.framework/Versions/A/AppleFSCompression
0x0000000055cf7000 	/System/Library/PrivateFrameworks/SpeechRecognitionCore.framework/Versions/A/SpeechRecognitionCore
0x0000000055cf7000 	/System/Library/PrivateFrameworks/ChunkingLibrary.framework/Versions/A/ChunkingLibrary
0x000000010aec5000 	/System/Library/CoreServices/Encodings/libSimplifiedChineseConverter.dylib
0x000000010b800000 	/Library/Java/JavaVirtualMachines/jdk1.8.0_51.jdk/Contents/Home/jre/lib/server/libjvm.dylib
0x0000000055cf7000 	/usr/lib/libstdc++.6.dylib
0x000000010af09000 	/Library/Java/JavaVirtualMachines/jdk1.8.0_51.jdk/Contents/Home/jre/lib/libverify.dylib
0x000000010af17000 	/Library/Java/JavaVirtualMachines/jdk1.8.0_51.jdk/Contents/Home/jre/lib/libjava.dylib
0x000000010af4d000 	/Library/Java/JavaVirtualMachines/jdk1.8.0_51.jdk/Contents/Home/jre/lib/libjdwp.dylib
0x000000010af98000 	/Library/Java/JavaVirtualMachines/jdk1.8.0_51.jdk/Contents/Home/jre/lib/libnpt.dylib
0x000000010afa5000 	/Library/Java/JavaVirtualMachines/jdk1.8.0_51.jdk/Contents/Home/jre/lib/libzip.dylib
0x000000010ca8f000 	/System/Library/Frameworks/JavaVM.framework/Frameworks/JavaRuntimeSupport.framework/JavaRuntimeSupport
0x0000000122123000 	/System/Library/Frameworks/JavaVM.framework/Versions/A/Frameworks/JavaNativeFoundation.framework/Versions/A/JavaNativeFoundation
0x0000000122138000 	/System/Library/Frameworks/JavaVM.framework/Versions/A/JavaVM
0x0000000055cf7000 	/System/Library/Frameworks/Carbon.framework/Versions/A/Carbon
0x0000000122145000 	/System/Library/PrivateFrameworks/JavaLaunching.framework/Versions/A/JavaLaunching
0x0000000055cf7000 	/System/Library/Frameworks/Carbon.framework/Versions/A/Frameworks/CommonPanels.framework/Versions/A/CommonPanels
0x0000000055cf7000 	/System/Library/Frameworks/Carbon.framework/Versions/A/Frameworks/Help.framework/Versions/A/Help
0x0000000055cf7000 	/System/Library/Frameworks/Carbon.framework/Versions/A/Frameworks/ImageCapture.framework/Versions/A/ImageCapture
0x0000000055cf7000 	/System/Library/Frameworks/Carbon.framework/Versions/A/Frameworks/OpenScripting.framework/Versions/A/OpenScripting
0x0000000055cf7000 	/System/Library/Frameworks/Carbon.framework/Versions/A/Frameworks/Print.framework/Versions/A/Print
0x0000000055cf7000 	/System/Library/Frameworks/Carbon.framework/Versions/A/Frameworks/SecurityHI.framework/Versions/A/SecurityHI
0x0000000123a4f000 	/Library/Java/JavaVirtualMachines/jdk1.8.0_51.jdk/Contents/Home/jre/lib/libdt_socket.dylib
0x0000000123cd7000 	/Library/Java/JavaVirtualMachines/jdk1.8.0_51.jdk/Contents/Home/jre/lib/libsunec.dylib
0x0000000123f60000 	/Library/Java/JavaVirtualMachines/jdk1.8.0_51.jdk/Contents/Home/jre/lib/libnet.dylib

VM Arguments:
jvm_args: -agentlib:jdwp=transport=dt_socket,address=127.0.0.1:51167,suspend=y,server=n -Dfile.encoding=UTF-8 
java_command: Main
java_class_path (initial): /Library/Java/JavaVirtualMachines/jdk1.8.0_51.jdk/Contents/Home/lib/ant-javafx.jar:/Library/Java/JavaVirtualMachines/jdk1.8.0_51.jdk/Contents/Home/lib/dt.jar:/Library/Java/JavaVirtualMachines/jdk1.8.0_51.jdk/Contents/Home/lib/javafx-mx.jar:/Library/Java/JavaVirtualMachines/jdk1.8.0_51.jdk/Contents/Home/lib/jconsole.jar:/Library/Java/JavaVirtualMachines/jdk1.8.0_51.jdk/Contents/Home/lib/packager.jar:/Library/Java/JavaVirtualMachines/jdk1.8.0_51.jdk/Contents/Home/lib/sa-jdi.jar:/Library/Java/JavaVirtualMachines/jdk1.8.0_51.jdk/Contents/Home/lib/tools.jar:/Library/Java/JavaVirtualMachines/jdk1.8.0_51.jdk/Contents/Home/jre/lib/charsets.jar:/Library/Java/JavaVirtualMachines/jdk1.8.0_51.jdk/Contents/Home/jre/lib/deploy.jar:/Library/Java/JavaVirtualMachines/jdk1.8.0_51.jdk/Contents/Home/jre/lib/javaws.jar:/Library/Java/JavaVirtualMachines/jdk1.8.0_51.jdk/Contents/Home/jre/lib/jce.jar:/Library/Java/JavaVirtualMachines/jdk1.8.0_51.jdk/Contents/Home/jre/lib/jfr.jar:/Library/Java/JavaVirtualMachines/jdk1.8.0_51.jdk/Contents/Home/jre/lib/jfxswt.jar:/Library/Java/JavaVirtualMachines/jdk1.8.0_51.jdk/Contents/Home/jre/lib/jsse.jar:/Library/Java/JavaVirtualMachines/jdk1.8.0_51.jdk/Contents/Home/jre/lib/management-agent.jar:/Library/Java/JavaVirtualMachines/jdk1.8.0_51.jdk/Contents/Home/jre/lib/plugin.jar:/Library/Java/JavaVirtualMachines/jdk1.8.0_51.jdk/Contents/Home/jre/lib/resources.jar:/Library/Java/JavaVirtualMachines/jdk1.8.0_51.jdk/Contents/Home/jre/lib/rt.jar:/Library/Java/JavaVirtualMachines/jdk1.8.0_51.jdk/Contents/Home/jre/lib/ext/cldrdata.jar:/Library/Java/JavaVirtualMachines/jdk1.8.0_51.jdk/Contents/Home/jre/lib/ext/dnsns.jar:/Library/Java/JavaVirtualMachines/jdk1.8.0_51.jdk/Contents/Home/jre/lib/ext/jfxrt.jar:/Library/Java/JavaVirtualMachines/jdk1.8.0_51.jdk/Contents/Home/jre/lib/ext/localedata.jar:/Library/Java/JavaVirtualMachines/jdk1.8.0_51.jdk/Contents/Home/jre/lib/ext/nashorn.jar:/Library/Java/JavaVirtualMachines/jdk1.8.0_51.jdk/Conten
Launcher Type: SUN_STANDARD

Environment Variables:
PATH=/usr/local/bin:/usr/bin:/bin:/usr/sbin:/sbin
SHELL=/bin/bash

Signal Handlers:
SIGSEGV: [libjvm.dylib+0x58ef35], sa_mask[0]=11111111011111110111111111111111, sa_flags=SA_ONSTACK|SA_RESTART|SA_SIGINFO
SIGBUS: [libjvm.dylib+0x58ef35], sa_mask[0]=11111111011111110111111111111111, sa_flags=SA_RESTART|SA_SIGINFO
SIGFPE: [libjvm.dylib+0x46c028], sa_mask[0]=11111111011111110111111111111111, sa_flags=SA_RESTART|SA_SIGINFO
SIGPIPE: [libjvm.dylib+0x46c028], sa_mask[0]=11111111011111110111111111111111, sa_flags=SA_RESTART|SA_SIGINFO
SIGXFSZ: [libjvm.dylib+0x46c028], sa_mask[0]=11111111011111110111111111111111, sa_flags=SA_RESTART|SA_SIGINFO
SIGILL: [libjvm.dylib+0x46c028], sa_mask[0]=11111111011111110111111111111111, sa_flags=SA_RESTART|SA_SIGINFO
SIGUSR1: SIG_DFL, sa_mask[0]=00000000000000000000000000000000, sa_flags=none
SIGUSR2: [libjvm.dylib+0x46bb46], sa_mask[0]=00100000000000000000000000000000, sa_flags=SA_RESTART|SA_SIGINFO
SIGHUP: [libjvm.dylib+0x46a119], sa_mask[0]=11111111011111110111111111111111, sa_flags=SA_RESTART|SA_SIGINFO
SIGINT: [libjvm.dylib+0x46a119], sa_mask[0]=11111111011111110111111111111111, sa_flags=SA_RESTART|SA_SIGINFO
SIGTERM: [libjvm.dylib+0x46a119], sa_mask[0]=11111111011111110111111111111111, sa_flags=SA_RESTART|SA_SIGINFO
SIGQUIT: [libjvm.dylib+0x46a119], sa_mask[0]=11111111011111110111111111111111, sa_flags=SA_RESTART|SA_SIGINFO


---------------  S Y S T E M  ---------------

OS:Bsduname:Darwin 16.0.0 Darwin Kernel Version 16.0.0: Mon Aug 29 17:56:20 PDT 2016; root:xnu-3789.1.32~3/RELEASE_X86_64 x86_64
rlimit: STACK 8192k, CORE 0k, NPROC 709, NOFILE 10240, AS infinity
load average:4.66 6.98 6.85

CPU:total 4 (2 cores per cpu, 2 threads per core) family 6 model 61 stepping 4, cmov, cx8, fxsr, mmx, sse, sse2, sse3, ssse3, sse4.1, sse4.2, popcnt, avx, avx2, aes, clmul, erms, 3dnowpref, lzcnt, ht, tsc, tscinvbit, bmi1, bmi2, adx

Memory: 4k page, physical 8388608k(229156k free)

/proc/meminfo:


vm_info: Java HotSpot(TM) 64-Bit Server VM (25.51-b03) for bsd-amd64 JRE (1.8.0_51-b16), built on Jun  8 2015 18:01:11 by "java_re" with gcc 4.2.1 (Based on Apple Inc. build 5658) (LLVM build 2336.11.00)

time: Tue Sep 27 23:58:09 2016
elapsed time: 1735 seconds (0d 0h 28m 55s)

